#
# A fatal error has been detected by the Java Runtime Environment:
#
#  EXCEPTION_ACCESS_VIOLATION (0xc0000005) at pc=0x00007ffe27a8e878, pid=16316, tid=8628
#
# JRE version: OpenJDK Runtime Environment (15.0.1+9) (build 15.0.1+9-18)
# Java VM: OpenJDK 64-Bit Server VM (15.0.1+9-18, mixed mode, tiered, compressed oops, g1 gc, windows-amd64)
# Problematic frame:
# V  [jvm.dll+0x20e878]
#
# No core dump will be written. Minidumps are not enabled by default on client versions of Windows
#
# If you would like to submit a bug report, please visit:
#   https://bugreport.java.com/bugreport/crash.jsp
#

---------------  S U M M A R Y ------------

Command Line: -XX:+ShowCodeDetailsInExceptionMessages -agentlib:jdwp=transport=dt_socket,suspend=y,address=localhost:58552 -javaagent:G:\Jogos\eclipse\configuration\org.eclipse.osgi\405\0\.cp\lib\javaagent-shaded.jar -Dfile.encoding=Cp1252 --module-path=C:\Users\user\eclipse-workspace\TrabalhoPp\bin -Djdk.module.main=TrabalhoPp TrabalhoPp/Vestuario.Main

Host: Intel(R) Core(TM) i5-9400F CPU @ 2.90GHz, 6 cores, 15G,  Windows 10 , 64 bit Build 19041 (10.0.19041.1202)
Time: Fri Nov 12 22:05:22 2021 Hora oficial do Brasil elapsed time: 966.864545 seconds (0d 0h 16m 6s)

---------------  T H R E A D  ---------------

Current thread (0x0000019dfef68ab0):  JavaThread "JDWP Transport Listener: dt_socket" daemon [_thread_in_vm, id=8628, stack(0x0000009380e00000,0x0000009380f00000)] _threads_hazard_ptr=0x0000019dff19e580

Stack: [0x0000009380e00000,0x0000009380f00000],  sp=0x0000009380efeec8,  free space=1019k
Native frames: (J=compiled Java code, j=interpreted, Vv=VM code, C=native code)
V  [jvm.dll+0x20e878]


siginfo: EXCEPTION_ACCESS_VIOLATION (0xc0000005), reading address 0x0000019dff94c720


Register to memory mapping:

RIP=0x00007ffe27a8e878 jvm.dll
RAX=0x00000000001940c0 is an unknown value
RBX=0x0000009380eff170 is pointing into the stack for thread: 0x0000019dfef68ab0
RCX=0x0000019dff7b8660 is pointing into metadata
RDX=0x000000000000ca05 is an unknown value
RSP=0x0000009380efeec8 is pointing into the stack for thread: 0x0000019dfef68ab0
RBP=0x0000000000000001 is an unknown value
RSI=0x0000000000000001 is an unknown value
RDI=0x0000019dff7b81d8 is pointing into metadata
R8 =0x0 is NULL
R9 =0x0000019dff7b81d8 is pointing into metadata
R10=0x0000009380eff170 is pointing into the stack for thread: 0x0000019dfef68ab0
R11=0x0000019dfe9073a0 points into unknown readable memory: 0x4700000147000000 | 00 00 00 47 01 00 00 47
R12=0x00007ffe27880000 jvm.dll
R13=0x0000019dfe907328 points into unknown readable memory: 0x0000001910c03100 | 00 31 c0 10 19 00 00 00
R14=0x0000019dff7b8575 is pointing into metadata
R15=0x000000000000002e is an unknown value


Registers:
RAX=0x00000000001940c0, RBX=0x0000009380eff170, RCX=0x0000019dff7b8660, RDX=0x000000000000ca05
RSP=0x0000009380efeec8, RBP=0x0000000000000001, RSI=0x0000000000000001, RDI=0x0000019dff7b81d8
R8 =0x0000000000000000, R9 =0x0000019dff7b81d8, R10=0x0000009380eff170, R11=0x0000019dfe9073a0
R12=0x00007ffe27880000, R13=0x0000019dfe907328, R14=0x0000019dff7b8575, R15=0x000000000000002e
RIP=0x00007ffe27a8e878, EFLAGS=0x0000000000010206

Top of Stack: (sp=0x0000009380efeec8)
0x0000009380efeec8:   00007ffe27b7fcb3 0000009380efef40
0x0000009380efeed8:   00007ffe27b83873 0000009380efef40
0x0000009380efeee8:   00007ffe2798201e 0000019d00000000
0x0000009380efeef8:   0000019dfef68ab0 000000004600000f
0x0000009380efef08:   8fffffff8fffffff 0000bfd9c6ba4e7c
0x0000009380efef18:   0000bfd9c6ba4e4c 0000019dff7b8575
0x0000009380efef28:   00000000000000b2 0000009380eff170
0x0000009380efef38:   00007ffe27b821e2 0000000000000000
0x0000009380efef48:   0000009380efefe0 0000000000000001
0x0000009380efef58:   00007ffe27b94644 000000930000001d
0x0000009380efef68:   0000000000000001 0000000000000000
0x0000009380efef78:   000000000000002f 0000009380efefe0
0x0000009380efef88:   00007ffe2798201e 0000019dff7b85d8
0x0000009380efef98:   0000009380eff170 000000000000002e
0x0000009380efefa8:   00000000000000b2 0000009380eff170
0x0000009380efefb8:   00007ffe27b828ee 0000009380eff010 

Instructions: (pc=0x00007ffe27a8e878)
0x00007ffe27a8e778:   03 03 03 03 03 03 03 03 03 03 03 03 03 03 03 03
0x00007ffe27a8e788:   03 03 03 03 03 03 03 03 03 03 03 03 03 03 03 03
0x00007ffe27a8e798:   03 03 03 03 03 03 03 03 03 03 03 03 03 03 03 03
0x00007ffe27a8e7a8:   03 03 03 03 03 03 03 03 03 03 03 03 03 03 03 03
0x00007ffe27a8e7b8:   03 03 03 02 03 03 02 cc 48 89 5c 24 08 48 89 74
0x00007ffe27a8e7c8:   24 10 57 48 83 ec 20 48 63 da 41 0f b6 f0 48 8b
0x00007ffe27a8e7d8:   f9 85 d2 79 24 4c 8d 0d 9c 97 66 00 ba af 02 00
0x00007ffe27a8e7e8:   00 4c 8d 05 c8 97 66 00 48 8d 0d 41 97 66 00 e8
0x00007ffe27a8e7f8:   54 79 00 00 e8 3f c1 41 00 40 84 f6 75 18 48 8b
0x00007ffe27a8e808:   4f 10 48 85 c9 74 0f 48 8d 43 01 48 c1 e0 05 48
0x00007ffe27a8e818:   8b 04 08 0f b7 d8 48 8b 74 24 38 48 63 c3 48 8b
0x00007ffe27a8e828:   5c 24 30 0f b7 44 c7 48 48 83 c4 20 5f c3 cc cc
0x00007ffe27a8e838:   cc cc cc cc cc cc cc cc 4c 8b c9 45 84 c0 75 41
0x00007ffe27a8e848:   48 8b 49 10 48 85 c9 74 38 85 d2 79 19 f7 d2 8b
0x00007ffe27a8e858:   c2 48 ff c0 48 c1 e0 05 48 8b 04 08 0f b7 c8 41
0x00007ffe27a8e868:   0f b7 44 c9 4a c3 48 63 c2 48 ff c0 48 c1 e0 05
0x00007ffe27a8e878:   48 8b 04 08 0f b7 d0 48 63 c2 41 0f b7 44 c1 4a
0x00007ffe27a8e888:   c3 49 8b 41 08 4c 63 c2 42 0f b6 44 00 04 8d 48
0x00007ffe27a8e898:   ef 80 f9 01 76 0e 3c 6a 74 0a 48 63 c2 41 0f b7
0x00007ffe27a8e8a8:   44 c1 4a c3 43 0f b7 44 c1 4a c3 cc cc cc cc cc
0x00007ffe27a8e8b8:   cc cc cc cc cc cc cc cc 40 53 48 83 ec 20 48 8b
0x00007ffe27a8e8c8:   d9 e8 72 ff ff ff 48 63 d0 0f b7 44 d3 48 48 8b
0x00007ffe27a8e8d8:   44 c3 48 48 83 c4 20 5b c3 cc cc cc cc cc cc cc
0x00007ffe27a8e8e8:   cc cc cc cc cc cc cc cc 40 53 48 83 ec 20 48 8b
0x00007ffe27a8e8f8:   d9 e8 42 ff ff ff 48 63 d0 0f b7 44 d3 4a 48 8b
0x00007ffe27a8e908:   44 c3 48 48 83 c4 20 5b c3 cc cc cc cc cc cc cc
0x00007ffe27a8e918:   cc cc cc cc cc cc cc cc 4c 8b d1 45 84 c9 75 28
0x00007ffe27a8e928:   4c 8b 49 10 4d 85 c9 74 1f 45 85 c0 79 08 41 f7
0x00007ffe27a8e938:   d0 41 8b c0 eb 03 49 63 c0 48 ff c0 48 c1 e0 05
0x00007ffe27a8e948:   4a 8b 04 08 44 0f b7 c0 49 8b 42 08 49 63 c8 0f
0x00007ffe27a8e958:   b6 4c 08 04 48 8b c2 88 0a c3 cc cc cc cc cc cc
0x00007ffe27a8e968:   cc cc cc cc cc cc cc cc 40 56 57 41 54 41 56 41 


Stack slot to memory mapping:
stack at sp + 0 slots: 0x00007ffe27b7fcb3 jvm.dll
stack at sp + 1 slots: 0x0000009380efef40 is pointing into the stack for thread: 0x0000019dfef68ab0
stack at sp + 2 slots: 0x00007ffe27b83873 jvm.dll
stack at sp + 3 slots: 0x0000009380efef40 is pointing into the stack for thread: 0x0000019dfef68ab0
stack at sp + 4 slots: 0x00007ffe2798201e jvm.dll
stack at sp + 5 slots: 0x0000019d00000000 is an unknown value
stack at sp + 6 slots: 0x0000019dfef68ab0 is a thread
stack at sp + 7 slots: 0x000000004600000f is an unknown value


---------------  P R O C E S S  ---------------

Threads class SMR info:
_java_thread_list=0x0000019dff19e580, length=14, elements={
0x0000019ddd3d1ed0, 0x0000019dfe727140, 0x0000019dfe728740, 0x0000019dfe747430,
0x0000019dfe74b920, 0x0000019dfe74bdf0, 0x0000019dfe758610, 0x0000019dfe75d030,
0x0000019dfe75d540, 0x0000019dfde8df60, 0x0000019dfef68ab0, 0x0000019dfea0b270,
0x0000019dfea0b950, 0x0000019dff084960
}

Java Threads: ( => current thread )
  0x0000019ddd3d1ed0 JavaThread "main" [_thread_blocked, id=31052, stack(0x00000093ffe00000,0x00000093fff00000)]
  0x0000019dfe727140 JavaThread "Reference Handler" daemon [_thread_blocked, id=7816, stack(0x0000009380500000,0x0000009380600000)]
  0x0000019dfe728740 JavaThread "Finalizer" daemon [_thread_blocked, id=7060, stack(0x0000009380600000,0x0000009380700000)]
  0x0000019dfe747430 JavaThread "Signal Dispatcher" daemon [_thread_blocked, id=30984, stack(0x0000009380700000,0x0000009380800000)]
  0x0000019dfe74b920 JavaThread "Attach Listener" daemon [_thread_blocked, id=31460, stack(0x0000009380800000,0x0000009380900000)]
  0x0000019dfe74bdf0 JavaThread "Service Thread" daemon [_thread_blocked, id=18904, stack(0x0000009380900000,0x0000009380a00000)]
  0x0000019dfe758610 JavaThread "C2 CompilerThread0" daemon [_thread_blocked, id=23000, stack(0x0000009380a00000,0x0000009380b00000)]
  0x0000019dfe75d030 JavaThread "C1 CompilerThread0" daemon [_thread_blocked, id=6020, stack(0x0000009380b00000,0x0000009380c00000)]
  0x0000019dfe75d540 JavaThread "Sweeper thread" daemon [_thread_blocked, id=31932, stack(0x0000009380c00000,0x0000009380d00000)]
  0x0000019dfde8df60 JavaThread "Common-Cleaner" daemon [_thread_blocked, id=25784, stack(0x0000009380d00000,0x0000009380e00000)]
=>0x0000019dfef68ab0 JavaThread "JDWP Transport Listener: dt_socket" daemon [_thread_in_vm, id=8628, stack(0x0000009380e00000,0x0000009380f00000)]
  0x0000019dfea0b270 JavaThread "JDWP Event Helper Thread" daemon [_thread_blocked, id=20436, stack(0x0000009380f00000,0x0000009381000000)]
  0x0000019dfea0b950 JavaThread "JDWP Command Reader" daemon [_thread_in_native, id=2444, stack(0x0000009381000000,0x0000009381100000)]
  0x0000019dff084960 JavaThread "Notification Thread" daemon [_thread_blocked, id=16820, stack(0x0000009381200000,0x0000009381300000)]

Other Threads:
  0x0000019dfe6f3790 VMThread "VM Thread" [stack: 0x0000009380400000,0x0000009380500000] [id=32280]
  0x0000019dff085e50 WatcherThread [stack: 0x0000009381300000,0x0000009381400000] [id=17000]
  0x0000019ddd4211f0 GCTaskThread "GC Thread#0" [stack: 0x00000093fff00000,0x0000009400000000] [id=24420]
  0x0000019ddd434a70 ConcurrentGCThread "G1 Main Marker" [stack: 0x0000009380000000,0x0000009380100000] [id=32672]
  0x0000019ddd435d00 ConcurrentGCThread "G1 Conc#0" [stack: 0x0000009380100000,0x0000009380200000] [id=31312]
  0x0000019ddd4a7880 ConcurrentGCThread "G1 Refine#0" [stack: 0x0000009380200000,0x0000009380300000] [id=10624]
  0x0000019dfdd23230 ConcurrentGCThread "G1 Young RemSet Sampling" [stack: 0x0000009380300000,0x0000009380400000] [id=32068]

Threads with active compile tasks:

VM state: not at safepoint (normal execution)

VM Mutex/Monitor currently owned by a thread: None

Heap address: 0x0000000701000000, size: 4080 MB, Compressed Oops mode: Zero based, Oop shift amount: 3
CDS disabled.
Compressed class space mapped at: 0x0000000800000000-0x0000000840000000, size: 1073741824
Narrow klass base: 0x0000000800000000, Narrow klass shift: 0, Narrow klass range: 0x40000000

GC Precious Log:
 CPUs: 6 total, 6 available
 Memory: 16319M
 Large Page Support: Disabled
 NUMA Support: Disabled
 Compressed Oops: Enabled (Zero based)
 Heap Region Size: 2M
 Heap Min Capacity: 8M
 Heap Initial Capacity: 256M
 Heap Max Capacity: 4080M
 Pre-touch: Disabled
 Parallel Workers: 6
 Concurrent Workers: 2
 Concurrent Refinement Workers: 6
 Periodic GC: Disabled

Heap:
 garbage-first heap   total 262144K, used 6144K [0x0000000701000000, 0x0000000800000000)
  region size 2048K, 4 young (8192K), 0 survivors (0K)
 Metaspace       used 10764K, capacity 10890K, committed 11008K, reserved 1058816K
  class space    used 947K, capacity 985K, committed 1024K, reserved 1048576K

Heap Regions: E=young(eden), S=young(survivor), O=old, HS=humongous(starts), HC=humongous(continues), CS=collection set, F=free, OA=open archive, CA=closed archive, TAMS=top-at-mark-start (previous, next)
|   0|0x0000000701000000, 0x0000000701000000, 0x0000000701200000|  0%| F|  |TAMS 0x0000000701000000, 0x0000000701000000| Untracked 
|   1|0x0000000701200000, 0x0000000701200000, 0x0000000701400000|  0%| F|  |TAMS 0x0000000701200000, 0x0000000701200000| Untracked 
|   2|0x0000000701400000, 0x0000000701400000, 0x0000000701600000|  0%| F|  |TAMS 0x0000000701400000, 0x0000000701400000| Untracked 
|   3|0x0000000701600000, 0x0000000701600000, 0x0000000701800000|  0%| F|  |TAMS 0x0000000701600000, 0x0000000701600000| Untracked 
|   4|0x0000000701800000, 0x0000000701800000, 0x0000000701a00000|  0%| F|  |TAMS 0x0000000701800000, 0x0000000701800000| Untracked 
|   5|0x0000000701a00000, 0x0000000701a00000, 0x0000000701c00000|  0%| F|  |TAMS 0x0000000701a00000, 0x0000000701a00000| Untracked 
|   6|0x0000000701c00000, 0x0000000701c00000, 0x0000000701e00000|  0%| F|  |TAMS 0x0000000701c00000, 0x0000000701c00000| Untracked 
|   7|0x0000000701e00000, 0x0000000701e00000, 0x0000000702000000|  0%| F|  |TAMS 0x0000000701e00000, 0x0000000701e00000| Untracked 
|   8|0x0000000702000000, 0x0000000702000000, 0x0000000702200000|  0%| F|  |TAMS 0x0000000702000000, 0x0000000702000000| Untracked 
|   9|0x0000000702200000, 0x0000000702200000, 0x0000000702400000|  0%| F|  |TAMS 0x0000000702200000, 0x0000000702200000| Untracked 
|  10|0x0000000702400000, 0x0000000702400000, 0x0000000702600000|  0%| F|  |TAMS 0x0000000702400000, 0x0000000702400000| Untracked 
|  11|0x0000000702600000, 0x0000000702600000, 0x0000000702800000|  0%| F|  |TAMS 0x0000000702600000, 0x0000000702600000| Untracked 
|  12|0x0000000702800000, 0x0000000702800000, 0x0000000702a00000|  0%| F|  |TAMS 0x0000000702800000, 0x0000000702800000| Untracked 
|  13|0x0000000702a00000, 0x0000000702a00000, 0x0000000702c00000|  0%| F|  |TAMS 0x0000000702a00000, 0x0000000702a00000| Untracked 
|  14|0x0000000702c00000, 0x0000000702c00000, 0x0000000702e00000|  0%| F|  |TAMS 0x0000000702c00000, 0x0000000702c00000| Untracked 
|  15|0x0000000702e00000, 0x0000000702e00000, 0x0000000703000000|  0%| F|  |TAMS 0x0000000702e00000, 0x0000000702e00000| Untracked 
|  16|0x0000000703000000, 0x0000000703000000, 0x0000000703200000|  0%| F|  |TAMS 0x0000000703000000, 0x0000000703000000| Untracked 
|  17|0x0000000703200000, 0x0000000703200000, 0x0000000703400000|  0%| F|  |TAMS 0x0000000703200000, 0x0000000703200000| Untracked 
|  18|0x0000000703400000, 0x0000000703400000, 0x0000000703600000|  0%| F|  |TAMS 0x0000000703400000, 0x0000000703400000| Untracked 
|  19|0x0000000703600000, 0x0000000703600000, 0x0000000703800000|  0%| F|  |TAMS 0x0000000703600000, 0x0000000703600000| Untracked 
|  20|0x0000000703800000, 0x0000000703800000, 0x0000000703a00000|  0%| F|  |TAMS 0x0000000703800000, 0x0000000703800000| Untracked 
|  21|0x0000000703a00000, 0x0000000703a00000, 0x0000000703c00000|  0%| F|  |TAMS 0x0000000703a00000, 0x0000000703a00000| Untracked 
|  22|0x0000000703c00000, 0x0000000703c00000, 0x0000000703e00000|  0%| F|  |TAMS 0x0000000703c00000, 0x0000000703c00000| Untracked 
|  23|0x0000000703e00000, 0x0000000703e00000, 0x0000000704000000|  0%| F|  |TAMS 0x0000000703e00000, 0x0000000703e00000| Untracked 
|  24|0x0000000704000000, 0x0000000704000000, 0x0000000704200000|  0%| F|  |TAMS 0x0000000704000000, 0x0000000704000000| Untracked 
|  25|0x0000000704200000, 0x0000000704200000, 0x0000000704400000|  0%| F|  |TAMS 0x0000000704200000, 0x0000000704200000| Untracked 
|  26|0x0000000704400000, 0x0000000704400000, 0x0000000704600000|  0%| F|  |TAMS 0x0000000704400000, 0x0000000704400000| Untracked 
|  27|0x0000000704600000, 0x0000000704600000, 0x0000000704800000|  0%| F|  |TAMS 0x0000000704600000, 0x0000000704600000| Untracked 
|  28|0x0000000704800000, 0x0000000704800000, 0x0000000704a00000|  0%| F|  |TAMS 0x0000000704800000, 0x0000000704800000| Untracked 
|  29|0x0000000704a00000, 0x0000000704a00000, 0x0000000704c00000|  0%| F|  |TAMS 0x0000000704a00000, 0x0000000704a00000| Untracked 
|  30|0x0000000704c00000, 0x0000000704c00000, 0x0000000704e00000|  0%| F|  |TAMS 0x0000000704c00000, 0x0000000704c00000| Untracked 
|  31|0x0000000704e00000, 0x0000000704e00000, 0x0000000705000000|  0%| F|  |TAMS 0x0000000704e00000, 0x0000000704e00000| Untracked 
|  32|0x0000000705000000, 0x0000000705000000, 0x0000000705200000|  0%| F|  |TAMS 0x0000000705000000, 0x0000000705000000| Untracked 
|  33|0x0000000705200000, 0x0000000705200000, 0x0000000705400000|  0%| F|  |TAMS 0x0000000705200000, 0x0000000705200000| Untracked 
|  34|0x0000000705400000, 0x0000000705400000, 0x0000000705600000|  0%| F|  |TAMS 0x0000000705400000, 0x0000000705400000| Untracked 
|  35|0x0000000705600000, 0x0000000705600000, 0x0000000705800000|  0%| F|  |TAMS 0x0000000705600000, 0x0000000705600000| Untracked 
|  36|0x0000000705800000, 0x0000000705800000, 0x0000000705a00000|  0%| F|  |TAMS 0x0000000705800000, 0x0000000705800000| Untracked 
|  37|0x0000000705a00000, 0x0000000705a00000, 0x0000000705c00000|  0%| F|  |TAMS 0x0000000705a00000, 0x0000000705a00000| Untracked 
|  38|0x0000000705c00000, 0x0000000705c00000, 0x0000000705e00000|  0%| F|  |TAMS 0x0000000705c00000, 0x0000000705c00000| Untracked 
|  39|0x0000000705e00000, 0x0000000705e00000, 0x0000000706000000|  0%| F|  |TAMS 0x0000000705e00000, 0x0000000705e00000| Untracked 
|  40|0x0000000706000000, 0x0000000706000000, 0x0000000706200000|  0%| F|  |TAMS 0x0000000706000000, 0x0000000706000000| Untracked 
|  41|0x0000000706200000, 0x0000000706200000, 0x0000000706400000|  0%| F|  |TAMS 0x0000000706200000, 0x0000000706200000| Untracked 
|  42|0x0000000706400000, 0x0000000706400000, 0x0000000706600000|  0%| F|  |TAMS 0x0000000706400000, 0x0000000706400000| Untracked 
|  43|0x0000000706600000, 0x0000000706600000, 0x0000000706800000|  0%| F|  |TAMS 0x0000000706600000, 0x0000000706600000| Untracked 
|  44|0x0000000706800000, 0x0000000706800000, 0x0000000706a00000|  0%| F|  |TAMS 0x0000000706800000, 0x0000000706800000| Untracked 
|  45|0x0000000706a00000, 0x0000000706a00000, 0x0000000706c00000|  0%| F|  |TAMS 0x0000000706a00000, 0x0000000706a00000| Untracked 
|  46|0x0000000706c00000, 0x0000000706c00000, 0x0000000706e00000|  0%| F|  |TAMS 0x0000000706c00000, 0x0000000706c00000| Untracked 
|  47|0x0000000706e00000, 0x0000000706e00000, 0x0000000707000000|  0%| F|  |TAMS 0x0000000706e00000, 0x0000000706e00000| Untracked 
|  48|0x0000000707000000, 0x0000000707000000, 0x0000000707200000|  0%| F|  |TAMS 0x0000000707000000, 0x0000000707000000| Untracked 
|  49|0x0000000707200000, 0x0000000707200000, 0x0000000707400000|  0%| F|  |TAMS 0x0000000707200000, 0x0000000707200000| Untracked 
|  50|0x0000000707400000, 0x0000000707400000, 0x0000000707600000|  0%| F|  |TAMS 0x0000000707400000, 0x0000000707400000| Untracked 
|  51|0x0000000707600000, 0x0000000707600000, 0x0000000707800000|  0%| F|  |TAMS 0x0000000707600000, 0x0000000707600000| Untracked 
|  52|0x0000000707800000, 0x0000000707800000, 0x0000000707a00000|  0%| F|  |TAMS 0x0000000707800000, 0x0000000707800000| Untracked 
|  53|0x0000000707a00000, 0x0000000707a00000, 0x0000000707c00000|  0%| F|  |TAMS 0x0000000707a00000, 0x0000000707a00000| Untracked 
|  54|0x0000000707c00000, 0x0000000707c00000, 0x0000000707e00000|  0%| F|  |TAMS 0x0000000707c00000, 0x0000000707c00000| Untracked 
|  55|0x0000000707e00000, 0x0000000707e00000, 0x0000000708000000|  0%| F|  |TAMS 0x0000000707e00000, 0x0000000707e00000| Untracked 
|  56|0x0000000708000000, 0x0000000708000000, 0x0000000708200000|  0%| F|  |TAMS 0x0000000708000000, 0x0000000708000000| Untracked 
|  57|0x0000000708200000, 0x0000000708200000, 0x0000000708400000|  0%| F|  |TAMS 0x0000000708200000, 0x0000000708200000| Untracked 
|  58|0x0000000708400000, 0x0000000708400000, 0x0000000708600000|  0%| F|  |TAMS 0x0000000708400000, 0x0000000708400000| Untracked 
|  59|0x0000000708600000, 0x0000000708600000, 0x0000000708800000|  0%| F|  |TAMS 0x0000000708600000, 0x0000000708600000| Untracked 
|  60|0x0000000708800000, 0x0000000708800000, 0x0000000708a00000|  0%| F|  |TAMS 0x0000000708800000, 0x0000000708800000| Untracked 
|  61|0x0000000708a00000, 0x0000000708a00000, 0x0000000708c00000|  0%| F|  |TAMS 0x0000000708a00000, 0x0000000708a00000| Untracked 
|  62|0x0000000708c00000, 0x0000000708c00000, 0x0000000708e00000|  0%| F|  |TAMS 0x0000000708c00000, 0x0000000708c00000| Untracked 
|  63|0x0000000708e00000, 0x0000000708e00000, 0x0000000709000000|  0%| F|  |TAMS 0x0000000708e00000, 0x0000000708e00000| Untracked 
|  64|0x0000000709000000, 0x0000000709000000, 0x0000000709200000|  0%| F|  |TAMS 0x0000000709000000, 0x0000000709000000| Untracked 
|  65|0x0000000709200000, 0x0000000709200000, 0x0000000709400000|  0%| F|  |TAMS 0x0000000709200000, 0x0000000709200000| Untracked 
|  66|0x0000000709400000, 0x0000000709400000, 0x0000000709600000|  0%| F|  |TAMS 0x0000000709400000, 0x0000000709400000| Untracked 
|  67|0x0000000709600000, 0x0000000709600000, 0x0000000709800000|  0%| F|  |TAMS 0x0000000709600000, 0x0000000709600000| Untracked 
|  68|0x0000000709800000, 0x0000000709800000, 0x0000000709a00000|  0%| F|  |TAMS 0x0000000709800000, 0x0000000709800000| Untracked 
|  69|0x0000000709a00000, 0x0000000709a00000, 0x0000000709c00000|  0%| F|  |TAMS 0x0000000709a00000, 0x0000000709a00000| Untracked 
|  70|0x0000000709c00000, 0x0000000709c00000, 0x0000000709e00000|  0%| F|  |TAMS 0x0000000709c00000, 0x0000000709c00000| Untracked 
|  71|0x0000000709e00000, 0x0000000709e00000, 0x000000070a000000|  0%| F|  |TAMS 0x0000000709e00000, 0x0000000709e00000| Untracked 
|  72|0x000000070a000000, 0x000000070a000000, 0x000000070a200000|  0%| F|  |TAMS 0x000000070a000000, 0x000000070a000000| Untracked 
|  73|0x000000070a200000, 0x000000070a200000, 0x000000070a400000|  0%| F|  |TAMS 0x000000070a200000, 0x000000070a200000| Untracked 
|  74|0x000000070a400000, 0x000000070a400000, 0x000000070a600000|  0%| F|  |TAMS 0x000000070a400000, 0x000000070a400000| Untracked 
|  75|0x000000070a600000, 0x000000070a600000, 0x000000070a800000|  0%| F|  |TAMS 0x000000070a600000, 0x000000070a600000| Untracked 
|  76|0x000000070a800000, 0x000000070a800000, 0x000000070aa00000|  0%| F|  |TAMS 0x000000070a800000, 0x000000070a800000| Untracked 
|  77|0x000000070aa00000, 0x000000070aa00000, 0x000000070ac00000|  0%| F|  |TAMS 0x000000070aa00000, 0x000000070aa00000| Untracked 
|  78|0x000000070ac00000, 0x000000070ac00000, 0x000000070ae00000|  0%| F|  |TAMS 0x000000070ac00000, 0x000000070ac00000| Untracked 
|  79|0x000000070ae00000, 0x000000070ae00000, 0x000000070b000000|  0%| F|  |TAMS 0x000000070ae00000, 0x000000070ae00000| Untracked 
|  80|0x000000070b000000, 0x000000070b000000, 0x000000070b200000|  0%| F|  |TAMS 0x000000070b000000, 0x000000070b000000| Untracked 
|  81|0x000000070b200000, 0x000000070b200000, 0x000000070b400000|  0%| F|  |TAMS 0x000000070b200000, 0x000000070b200000| Untracked 
|  82|0x000000070b400000, 0x000000070b400000, 0x000000070b600000|  0%| F|  |TAMS 0x000000070b400000, 0x000000070b400000| Untracked 
|  83|0x000000070b600000, 0x000000070b600000, 0x000000070b800000|  0%| F|  |TAMS 0x000000070b600000, 0x000000070b600000| Untracked 
|  84|0x000000070b800000, 0x000000070b800000, 0x000000070ba00000|  0%| F|  |TAMS 0x000000070b800000, 0x000000070b800000| Untracked 
|  85|0x000000070ba00000, 0x000000070ba00000, 0x000000070bc00000|  0%| F|  |TAMS 0x000000070ba00000, 0x000000070ba00000| Untracked 
|  86|0x000000070bc00000, 0x000000070bc00000, 0x000000070be00000|  0%| F|  |TAMS 0x000000070bc00000, 0x000000070bc00000| Untracked 
|  87|0x000000070be00000, 0x000000070be00000, 0x000000070c000000|  0%| F|  |TAMS 0x000000070be00000, 0x000000070be00000| Untracked 
|  88|0x000000070c000000, 0x000000070c000000, 0x000000070c200000|  0%| F|  |TAMS 0x000000070c000000, 0x000000070c000000| Untracked 
|  89|0x000000070c200000, 0x000000070c200000, 0x000000070c400000|  0%| F|  |TAMS 0x000000070c200000, 0x000000070c200000| Untracked 
|  90|0x000000070c400000, 0x000000070c400000, 0x000000070c600000|  0%| F|  |TAMS 0x000000070c400000, 0x000000070c400000| Untracked 
|  91|0x000000070c600000, 0x000000070c600000, 0x000000070c800000|  0%| F|  |TAMS 0x000000070c600000, 0x000000070c600000| Untracked 
|  92|0x000000070c800000, 0x000000070c800000, 0x000000070ca00000|  0%| F|  |TAMS 0x000000070c800000, 0x000000070c800000| Untracked 
|  93|0x000000070ca00000, 0x000000070ca00000, 0x000000070cc00000|  0%| F|  |TAMS 0x000000070ca00000, 0x000000070ca00000| Untracked 
|  94|0x000000070cc00000, 0x000000070cc00000, 0x000000070ce00000|  0%| F|  |TAMS 0x000000070cc00000, 0x000000070cc00000| Untracked 
|  95|0x000000070ce00000, 0x000000070ce00000, 0x000000070d000000|  0%| F|  |TAMS 0x000000070ce00000, 0x000000070ce00000| Untracked 
|  96|0x000000070d000000, 0x000000070d000000, 0x000000070d200000|  0%| F|  |TAMS 0x000000070d000000, 0x000000070d000000| Untracked 
|  97|0x000000070d200000, 0x000000070d200000, 0x000000070d400000|  0%| F|  |TAMS 0x000000070d200000, 0x000000070d200000| Untracked 
|  98|0x000000070d400000, 0x000000070d400000, 0x000000070d600000|  0%| F|  |TAMS 0x000000070d400000, 0x000000070d400000| Untracked 
|  99|0x000000070d600000, 0x000000070d600000, 0x000000070d800000|  0%| F|  |TAMS 0x000000070d600000, 0x000000070d600000| Untracked 
| 100|0x000000070d800000, 0x000000070d800000, 0x000000070da00000|  0%| F|  |TAMS 0x000000070d800000, 0x000000070d800000| Untracked 
| 101|0x000000070da00000, 0x000000070da00000, 0x000000070dc00000|  0%| F|  |TAMS 0x000000070da00000, 0x000000070da00000| Untracked 
| 102|0x000000070dc00000, 0x000000070dc00000, 0x000000070de00000|  0%| F|  |TAMS 0x000000070dc00000, 0x000000070dc00000| Untracked 
| 103|0x000000070de00000, 0x000000070de00000, 0x000000070e000000|  0%| F|  |TAMS 0x000000070de00000, 0x000000070de00000| Untracked 
| 104|0x000000070e000000, 0x000000070e000000, 0x000000070e200000|  0%| F|  |TAMS 0x000000070e000000, 0x000000070e000000| Untracked 
| 105|0x000000070e200000, 0x000000070e200000, 0x000000070e400000|  0%| F|  |TAMS 0x000000070e200000, 0x000000070e200000| Untracked 
| 106|0x000000070e400000, 0x000000070e400000, 0x000000070e600000|  0%| F|  |TAMS 0x000000070e400000, 0x000000070e400000| Untracked 
| 107|0x000000070e600000, 0x000000070e600000, 0x000000070e800000|  0%| F|  |TAMS 0x000000070e600000, 0x000000070e600000| Untracked 
| 108|0x000000070e800000, 0x000000070e800000, 0x000000070ea00000|  0%| F|  |TAMS 0x000000070e800000, 0x000000070e800000| Untracked 
| 109|0x000000070ea00000, 0x000000070ea00000, 0x000000070ec00000|  0%| F|  |TAMS 0x000000070ea00000, 0x000000070ea00000| Untracked 
| 110|0x000000070ec00000, 0x000000070ec00000, 0x000000070ee00000|  0%| F|  |TAMS 0x000000070ec00000, 0x000000070ec00000| Untracked 
| 111|0x000000070ee00000, 0x000000070ee00000, 0x000000070f000000|  0%| F|  |TAMS 0x000000070ee00000, 0x000000070ee00000| Untracked 
| 112|0x000000070f000000, 0x000000070f000000, 0x000000070f200000|  0%| F|  |TAMS 0x000000070f000000, 0x000000070f000000| Untracked 
| 113|0x000000070f200000, 0x000000070f200000, 0x000000070f400000|  0%| F|  |TAMS 0x000000070f200000, 0x000000070f200000| Untracked 
| 114|0x000000070f400000, 0x000000070f400000, 0x000000070f600000|  0%| F|  |TAMS 0x000000070f400000, 0x000000070f400000| Untracked 
| 115|0x000000070f600000, 0x000000070f600000, 0x000000070f800000|  0%| F|  |TAMS 0x000000070f600000, 0x000000070f600000| Untracked 
| 116|0x000000070f800000, 0x000000070f800000, 0x000000070fa00000|  0%| F|  |TAMS 0x000000070f800000, 0x000000070f800000| Untracked 
| 117|0x000000070fa00000, 0x000000070fa00000, 0x000000070fc00000|  0%| F|  |TAMS 0x000000070fa00000, 0x000000070fa00000| Untracked 
| 118|0x000000070fc00000, 0x000000070fc00000, 0x000000070fe00000|  0%| F|  |TAMS 0x000000070fc00000, 0x000000070fc00000| Untracked 
| 119|0x000000070fe00000, 0x000000070fe00000, 0x0000000710000000|  0%| F|  |TAMS 0x000000070fe00000, 0x000000070fe00000| Untracked 
| 120|0x0000000710000000, 0x0000000710000000, 0x0000000710200000|  0%| F|  |TAMS 0x0000000710000000, 0x0000000710000000| Untracked 
| 121|0x0000000710200000, 0x0000000710200000, 0x0000000710400000|  0%| F|  |TAMS 0x0000000710200000, 0x0000000710200000| Untracked 
| 122|0x0000000710400000, 0x0000000710400000, 0x0000000710600000|  0%| F|  |TAMS 0x0000000710400000, 0x0000000710400000| Untracked 
| 123|0x0000000710600000, 0x0000000710600000, 0x0000000710800000|  0%| F|  |TAMS 0x0000000710600000, 0x0000000710600000| Untracked 
| 124|0x0000000710800000, 0x0000000710935f50, 0x0000000710a00000| 60%| E|  |TAMS 0x0000000710800000, 0x0000000710800000| Complete 
| 125|0x0000000710a00000, 0x0000000710c00000, 0x0000000710c00000|100%| E|CS|TAMS 0x0000000710a00000, 0x0000000710a00000| Complete 
| 126|0x0000000710c00000, 0x0000000710e00000, 0x0000000710e00000|100%| E|CS|TAMS 0x0000000710c00000, 0x0000000710c00000| Complete 
| 127|0x0000000710e00000, 0x0000000711000000, 0x0000000711000000|100%| E|CS|TAMS 0x0000000710e00000, 0x0000000710e00000| Complete 

Card table byte_map: [0x0000019df2650000,0x0000019df2e50000] _byte_map_base: 0x0000019deee48000

Marking Bits (Prev, Next): (CMBitMap*) 0x0000019ddd421960, (CMBitMap*) 0x0000019ddd4219a0
 Prev Bits: [0x0000019df3650000, 0x0000019df7610000)
 Next Bits: [0x0000019df7610000, 0x0000019dfb5d0000)

Polling page: 0x0000019ddd4b0000

Metaspace:

Usage:
  Non-class:      9.67 MB capacity,     9.59 MB (>99%) used,    81.24 KB ( <1%) free+waste,     7.06 KB ( <1%) overhead. 
      Class:    985.00 KB capacity,   947.49 KB ( 96%) used,    35.32 KB (  4%) free+waste,     2.19 KB ( <1%) overhead. 
       Both:     10.63 MB capacity,    10.51 MB ( 99%) used,   116.56 KB (  1%) free+waste,     9.25 KB ( <1%) overhead. 

Virtual space:
  Non-class space:       10.00 MB reserved,       9.75 MB ( 98%) committed 
      Class space:        1.00 GB reserved,       1.00 MB ( <1%) committed 
             Both:        1.01 GB reserved,      10.75 MB (  1%) committed 

Chunk freelists:
   Non-Class:  15.00 KB
       Class:  7.00 KB
        Both:  22.00 KB

MaxMetaspaceSize: 17179869184.00 GB
CompressedClassSpaceSize: 1.00 GB

CodeHeap 'non-profiled nmethods': size=120000Kb used=158Kb max_used=158Kb free=119841Kb
 bounds [0x0000019dea0d0000, 0x0000019dea340000, 0x0000019df1600000]
CodeHeap 'profiled nmethods': size=120000Kb used=762Kb max_used=762Kb free=119237Kb
 bounds [0x0000019de2ba0000, 0x0000019de2e10000, 0x0000019dea0d0000]
CodeHeap 'non-nmethods': size=5760Kb used=1239Kb max_used=1260Kb free=4520Kb
 bounds [0x0000019de2600000, 0x0000019de2870000, 0x0000019de2ba0000]
 total_blobs=933 nmethods=528 adapters=318
 compilation: enabled
              stopped_count=0, restarted_count=0
 full_count=0

Compilation events (20 events):
Event: 220.436 Thread 0x0000019dfe75d030  528       3       org.eclipse.jdt.launching.internal.org.objectweb.asm.SymbolTable::hash (20 bytes)
Event: 220.438 Thread 0x0000019dfe75d030 

Event: 220.438 Thread 0x0000019dfe75d030  529       1       org.eclipse.jdt.launching.internal.org.objectweb.asm.SymbolTable::getSource (5 bytes)
Event: 220.438 Thread 0x0000019dfe75d030 nmethod 529 0x0000019dea0f7610 code [0x0000019dea0f77a0, 0x0000019dea0f7858]
Event: 496.365 Thread 0x0000019dfe75d030  531       3       java.lang.String::equals (50 bytes)
Event: 496.365 Thread 0x0000019dfe758610  530       4       org.eclipse.jdt.launching.internal.org.objectweb.asm.ClassReader::readUtf (161 bytes)
Event: 496.365 Thread 0x0000019dfe75d030 nmethod 531 0x0000019de2c5db10 code [0x0000019de2c5dce0, 0x0000019de2c5e128]
Event: 496.375 Thread 0x0000019dfe758610 

Event: 536.407 Thread 0x0000019dfe75d030  532       3       org.eclipse.jdt.launching.internal.org.objectweb.asm.SymbolTable::addConstantNameAndType (28 bytes)
Event: 536.410 Thread 0x0000019dfe75d030 

Event: 536.410 Thread 0x0000019dfe75d030  533       3       org.eclipse.jdt.launching.internal.org.objectweb.asm.SymbolTable::hash (15 bytes)
Event: 536.410 Thread 0x0000019dfe75d030 nmethod 533 0x0000019de2c5e210 code [0x0000019de2c5e3c0, 0x0000019de2c5e538]
Event: 729.494 Thread 0x0000019dfe758610  534       4       org.eclipse.jdt.launching.internal.org.objectweb.asm.ClassReader::readUtf (161 bytes)
Event: 729.508 Thread 0x0000019dfe758610 

Event: 790.141 Thread 0x0000019dfe75d030  535       3       org.eclipse.jdt.launching.internal.org.objectweb.asm.ClassReader::readInt (52 bytes)
Event: 790.143 Thread 0x0000019dfe75d030 

Event: 801.694 Thread 0x0000019dfe75d030  536       3       org.eclipse.jdt.launching.internal.org.objectweb.asm.SymbolTable::addConstantUtf8 (98 bytes)
Event: 801.696 Thread 0x0000019dfe75d030 

Event: 873.970 Thread 0x0000019dfe75d030  537       3       org.eclipse.jdt.launching.internal.org.objectweb.asm.SymbolTable$Entry::<init> (20 bytes)
Event: 873.970 Thread 0x0000019dfe75d030 nmethod 537 0x0000019de2c5e690 code [0x0000019de2c5e840, 0x0000019de2c5e9c8]

GC Heap History (0 events):
No events

Deoptimization events (20 events):
Event: 0.334 Thread 0x0000019ddd3d1ed0 DEOPT PACKING pc=0x0000019de2c1916d sp=0x00000093ffef8670
Event: 0.334 Thread 0x0000019ddd3d1ed0 DEOPT UNPACKING pc=0x0000019de264e23f sp=0x00000093ffef7b38 mode 0
Event: 0.366 Thread 0x0000019ddd3d1ed0 DEOPT PACKING pc=0x0000019de2bf8a96 sp=0x00000093ffefd700
Event: 0.366 Thread 0x0000019ddd3d1ed0 DEOPT UNPACKING pc=0x0000019de264e23f sp=0x00000093ffefcb98 mode 0
Event: 0.367 Thread 0x0000019ddd3d1ed0 Uncommon trap: trap_request=0xffffff45 fr.pc=0x0000019dea0da96c relative=0x000000000000024c
Event: 0.367 Thread 0x0000019ddd3d1ed0 Uncommon trap: reason=unstable_if action=reinterpret pc=0x0000019dea0da96c method=java.lang.String.isLatin1()Z @ 10 c2
Event: 0.367 Thread 0x0000019ddd3d1ed0 DEOPT PACKING pc=0x0000019dea0da96c sp=0x00000093ffefc9c0
Event: 0.367 Thread 0x0000019ddd3d1ed0 DEOPT UNPACKING pc=0x0000019de264e42f sp=0x00000093ffefc8f0 mode 2
Event: 0.367 Thread 0x0000019ddd3d1ed0 Uncommon trap: trap_request=0xffffff45 fr.pc=0x0000019dea0e29dc relative=0x000000000000005c
Event: 0.367 Thread 0x0000019ddd3d1ed0 Uncommon trap: reason=unstable_if action=reinterpret pc=0x0000019dea0e29dc method=java.lang.String.isLatin1()Z @ 10 c2
Event: 0.367 Thread 0x0000019ddd3d1ed0 DEOPT PACKING pc=0x0000019dea0e29dc sp=0x00000093ffefc940
Event: 0.367 Thread 0x0000019ddd3d1ed0 DEOPT UNPACKING pc=0x0000019de264e42f sp=0x00000093ffefc8e0 mode 2
Event: 0.374 Thread 0x0000019ddd3d1ed0 Uncommon trap: trap_request=0xffffff45 fr.pc=0x0000019dea0e2cc4 relative=0x0000000000000044
Event: 0.374 Thread 0x0000019ddd3d1ed0 Uncommon trap: reason=unstable_if action=reinterpret pc=0x0000019dea0e2cc4 method=java.lang.CharacterData.of(I)Ljava/lang/CharacterData; @ 4 c2
Event: 0.374 Thread 0x0000019ddd3d1ed0 DEOPT PACKING pc=0x0000019dea0e2cc4 sp=0x00000093ffefe8f0
Event: 0.374 Thread 0x0000019ddd3d1ed0 DEOPT UNPACKING pc=0x0000019de264e42f sp=0x00000093ffefe890 mode 2
Event: 14.163 Thread 0x0000019ddd3d1ed0 Uncommon trap: trap_request=0xffffff45 fr.pc=0x0000019dea0dff2c relative=0x000000000000018c
Event: 14.163 Thread 0x0000019ddd3d1ed0 Uncommon trap: reason=unstable_if action=reinterpret pc=0x0000019dea0dff2c method=java.lang.String.equals(Ljava/lang/Object;)Z @ 33 c2
Event: 14.163 Thread 0x0000019ddd3d1ed0 DEOPT PACKING pc=0x0000019dea0dff2c sp=0x00000093ffeff1a0
Event: 14.163 Thread 0x0000019ddd3d1ed0 DEOPT UNPACKING pc=0x0000019de264e42f sp=0x00000093ffeff140 mode 2

Classes unloaded (0 events):
No events

Classes redefined (20 events):
Event: 125.072 Thread 0x0000019dfe6f3790 redefined class name=Vestuario.Main, count=3
Event: 193.468 Thread 0x0000019dfe6f3790 redefined class name=Vestuario.Service.RoupasService, count=1
Event: 220.437 Thread 0x0000019dfe6f3790 redefined class name=Vestuario.Service.RoupasService, count=2
Event: 314.001 Thread 0x0000019dfe6f3790 redefined class name=Vestuario.Main, count=4
Event: 496.366 Thread 0x0000019dfe6f3790 redefined class name=Vestuario.Main, count=5
Event: 502.230 Thread 0x0000019dfe6f3790 redefined class name=Vestuario.Main, count=6
Event: 510.734 Thread 0x0000019dfe6f3790 redefined class name=Vestuario.Main, count=7
Event: 529.934 Thread 0x0000019dfe6f3790 redefined class name=Vestuario.Main, count=8
Event: 536.408 Thread 0x0000019dfe6f3790 redefined class name=Vestuario.Main, count=9
Event: 630.458 Thread 0x0000019dfe6f3790 redefined class name=Vestuario.Main, count=10
Event: 671.447 Thread 0x0000019dfe6f3790 redefined class name=Vestuario.Main, count=11
Event: 729.495 Thread 0x0000019dfe6f3790 redefined class name=Vestuario.Main, count=12
Event: 764.239 Thread 0x0000019dfe6f3790 redefined class name=Vestuario.Main, count=13
Event: 781.839 Thread 0x0000019dfe6f3790 redefined class name=Vestuario.Main, count=14
Event: 790.142 Thread 0x0000019dfe6f3790 redefined class name=Vestuario.Main, count=15
Event: 801.694 Thread 0x0000019dfe6f3790 redefined class name=Vestuario.Main, count=16
Event: 810.381 Thread 0x0000019dfe6f3790 redefined class name=Vestuario.Main, count=17
Event: 873.971 Thread 0x0000019dfe6f3790 redefined class name=Vestuario.Main, count=18
Event: 907.201 Thread 0x0000019dfe6f3790 redefined class name=Vestuario.Main, count=19
Event: 938.012 Thread 0x0000019dfe6f3790 redefined class name=Vestuario.Main, count=20

Internal exceptions (4 events):
Event: 0.132 Thread 0x0000019ddd3d1ed0 Exception <a 'java/lang/NoSuchMethodError'{0x0000000710eb3ec0}: 'void java.lang.invoke.DirectMethodHandle$Holder.invokeVirtual(java.lang.Object, java.lang.Object)'> (0x0000000710eb3ec0) 
thrown [./open/src/hotspot/share/interpreter/linkResolver.cpp, line 782]
Event: 0.219 Thread 0x0000019ddd3d1ed0 Exception <a 'java/lang/NoSuchMethodError'{0x0000000710c12ff8}: 'void java.lang.invoke.DirectMethodHandle$Holder.invokeStatic(java.lang.Object, java.lang.Object)'> (0x0000000710c12ff8) 
thrown [./open/src/hotspot/share/interpreter/linkResolver.cpp, line 782]
Event: 0.219 Thread 0x0000019ddd3d1ed0 Exception <a 'java/lang/NoSuchMethodError'{0x0000000710c168b8}: 'void java.lang.invoke.DirectMethodHandle$Holder.invokeStaticInit(java.lang.Object, java.lang.Object)'> (0x0000000710c168b8) 
thrown [./open/src/hotspot/share/interpreter/linkResolver.cpp, line 782]
Event: 0.302 Thread 0x0000019ddd3d1ed0 Exception <a 'java/lang/NoSuchMethodError'{0x0000000710df4be0}: 'java.lang.Object java.lang.invoke.DirectMethodHandle$Holder.invokeStatic(java.lang.Object)'> (0x0000000710df4be0) 
thrown [./open/src/hotspot/share/interpreter/linkResolver.cpp, line 782]

Events (20 events):
Event: 907.201 Executing VM operation: RedefineClasses
Event: 907.203 Executing VM operation: RedefineClasses done
Event: 907.207 Executing VM operation: ChangeBreakpoints
Event: 907.207 Executing VM operation: ChangeBreakpoints done
Event: 907.208 Executing VM operation: GetFrameCount
Event: 907.209 Executing VM operation: GetFrameCount done
Event: 907.209 Executing VM operation: GetStackTrace
Event: 907.209 Executing VM operation: GetStackTrace done
Event: 938.011 Executing VM operation: RedefineClasses
Event: 938.014 Executing VM operation: RedefineClasses done
Event: 938.019 Executing VM operation: ChangeBreakpoints
Event: 938.019 Executing VM operation: ChangeBreakpoints done
Event: 938.020 Executing VM operation: GetFrameCount
Event: 938.020 Executing VM operation: GetFrameCount done
Event: 938.020 Executing VM operation: GetStackTrace
Event: 938.020 Executing VM operation: GetStackTrace done
Event: 966.659 Executing VM operation: GetFrameCount
Event: 966.659 Executing VM operation: GetFrameCount done
Event: 966.742 Executing VM operation: GetFrameCount
Event: 966.742 Executing VM operation: GetFrameCount done


Dynamic libraries:
0x00007ff601840000 - 0x00007ff60184d000 	G:\Jogos\eclipse\plugins\org.eclipse.justj.openjdk.hotspot.jre.full.win32.x86_64_15.0.1.v20201027-0507\jre\bin\javaw.exe
0x00007ffe88d10000 - 0x00007ffe88f05000 	C:\WINDOWS\SYSTEM32\ntdll.dll
0x00007ffe88c10000 - 0x00007ffe88cce000 	C:\WINDOWS\System32\KERNEL32.DLL
0x00007ffe865f0000 - 0x00007ffe868b9000 	C:\WINDOWS\System32\KERNELBASE.dll
0x00007ffe86c60000 - 0x00007ffe86d60000 	C:\WINDOWS\System32\ucrtbase.dll
0x00007ffe7f3f0000 - 0x00007ffe7f409000 	G:\Jogos\eclipse\plugins\org.eclipse.justj.openjdk.hotspot.jre.full.win32.x86_64_15.0.1.v20201027-0507\jre\bin\VCRUNTIME140.dll
0x00007ffe7f670000 - 0x00007ffe7f688000 	G:\Jogos\eclipse\plugins\org.eclipse.justj.openjdk.hotspot.jre.full.win32.x86_64_15.0.1.v20201027-0507\jre\bin\jli.dll
0x00007ffe87ba0000 - 0x00007ffe87d41000 	C:\WINDOWS\System32\USER32.dll
0x00007ffe6a370000 - 0x00007ffe6a60a000 	C:\WINDOWS\WinSxS\amd64_microsoft.windows.common-controls_6595b64144ccf1df_6.0.19041.1110_none_60b5254171f9507e\COMCTL32.dll
0x00007ffe86510000 - 0x00007ffe86532000 	C:\WINDOWS\System32\win32u.dll
0x00007ffe87d50000 - 0x00007ffe87dee000 	C:\WINDOWS\System32\msvcrt.dll
0x00007ffe86d60000 - 0x00007ffe86d8b000 	C:\WINDOWS\System32\GDI32.dll
0x00007ffe86a20000 - 0x00007ffe86b2b000 	C:\WINDOWS\System32\gdi32full.dll
0x00007ffe86bc0000 - 0x00007ffe86c5d000 	C:\WINDOWS\System32\msvcp_win.dll
0x00007ffe88b10000 - 0x00007ffe88b40000 	C:\WINDOWS\System32\IMM32.DLL
0x00007ffe820b0000 - 0x00007ffe820bc000 	G:\Jogos\eclipse\plugins\org.eclipse.justj.openjdk.hotspot.jre.full.win32.x86_64_15.0.1.v20201027-0507\jre\bin\vcruntime140_1.dll
0x00007ffe4d140000 - 0x00007ffe4d1d1000 	G:\Jogos\eclipse\plugins\org.eclipse.justj.openjdk.hotspot.jre.full.win32.x86_64_15.0.1.v20201027-0507\jre\bin\msvcp140.dll
0x00007ffe27880000 - 0x00007ffe283de000 	G:\Jogos\eclipse\plugins\org.eclipse.justj.openjdk.hotspot.jre.full.win32.x86_64_15.0.1.v20201027-0507\jre\bin\server\jvm.dll
0x00007ffe88590000 - 0x00007ffe8863c000 	C:\WINDOWS\System32\ADVAPI32.dll
0x00007ffe886b0000 - 0x00007ffe8874b000 	C:\WINDOWS\System32\sechost.dll
0x00007ffe86d90000 - 0x00007ffe86eba000 	C:\WINDOWS\System32\RPCRT4.dll
0x00007ffe876f0000 - 0x00007ffe876f8000 	C:\WINDOWS\System32\PSAPI.DLL
0x00007ffe81570000 - 0x00007ffe81579000 	C:\WINDOWS\SYSTEM32\WSOCK32.dll
0x00007ffe7ed30000 - 0x00007ffe7ed3a000 	C:\WINDOWS\SYSTEM32\VERSION.dll
0x00007ffe7bdb0000 - 0x00007ffe7bdd7000 	C:\WINDOWS\SYSTEM32\WINMM.dll
0x00007ffe88640000 - 0x00007ffe886ab000 	C:\WINDOWS\System32\WS2_32.dll
0x00007ffe84350000 - 0x00007ffe84362000 	C:\WINDOWS\SYSTEM32\kernel.appcore.dll
0x00007ffe83c90000 - 0x00007ffe83c9a000 	G:\Jogos\eclipse\plugins\org.eclipse.justj.openjdk.hotspot.jre.full.win32.x86_64_15.0.1.v20201027-0507\jre\bin\jimage.dll
0x00007ffe7f9a0000 - 0x00007ffe7fb84000 	C:\WINDOWS\SYSTEM32\DBGHELP.DLL
0x00007ffe73e00000 - 0x00007ffe73e2c000 	C:\WINDOWS\SYSTEM32\dbgcore.DLL
0x00007ffe86b30000 - 0x00007ffe86bb3000 	C:\WINDOWS\System32\bcryptPrimitives.dll
0x00007ffe6f110000 - 0x00007ffe6f149000 	G:\Jogos\eclipse\plugins\org.eclipse.justj.openjdk.hotspot.jre.full.win32.x86_64_15.0.1.v20201027-0507\jre\bin\jdwp.dll
0x00007ffe7f3e0000 - 0x00007ffe7f3ee000 	G:\Jogos\eclipse\plugins\org.eclipse.justj.openjdk.hotspot.jre.full.win32.x86_64_15.0.1.v20201027-0507\jre\bin\instrument.dll
0x00007ffe641a0000 - 0x00007ffe641c5000 	G:\Jogos\eclipse\plugins\org.eclipse.justj.openjdk.hotspot.jre.full.win32.x86_64_15.0.1.v20201027-0507\jre\bin\java.dll
0x00007ffe820f0000 - 0x00007ffe82108000 	G:\Jogos\eclipse\plugins\org.eclipse.justj.openjdk.hotspot.jre.full.win32.x86_64_15.0.1.v20201027-0507\jre\bin\zip.dll
0x00007ffe87e50000 - 0x00007ffe8858f000 	C:\WINDOWS\System32\SHELL32.dll
0x00007ffe84550000 - 0x00007ffe84ce0000 	C:\WINDOWS\SYSTEM32\windows.storage.dll
0x00007ffe87840000 - 0x00007ffe87b95000 	C:\WINDOWS\System32\combase.dll
0x00007ffe85e80000 - 0x00007ffe85eac000 	C:\WINDOWS\SYSTEM32\Wldp.dll
0x00007ffe88b40000 - 0x00007ffe88bed000 	C:\WINDOWS\System32\SHCORE.dll
0x00007ffe877d0000 - 0x00007ffe87825000 	C:\WINDOWS\System32\shlwapi.dll
0x00007ffe86370000 - 0x00007ffe8638f000 	C:\WINDOWS\SYSTEM32\profapi.dll
0x00007ffe81710000 - 0x00007ffe81729000 	G:\Jogos\eclipse\plugins\org.eclipse.justj.openjdk.hotspot.jre.full.win32.x86_64_15.0.1.v20201027-0507\jre\bin\net.dll
0x00007ffe7b9b0000 - 0x00007ffe7bab8000 	C:\WINDOWS\SYSTEM32\WINHTTP.dll
0x00007ffe85be0000 - 0x00007ffe85c4a000 	C:\WINDOWS\system32\mswsock.dll
0x00007ffe79820000 - 0x00007ffe79832000 	G:\Jogos\eclipse\plugins\org.eclipse.justj.openjdk.hotspot.jre.full.win32.x86_64_15.0.1.v20201027-0507\jre\bin\nio.dll
0x00007ffe7f220000 - 0x00007ffe7f22b000 	G:\Jogos\eclipse\plugins\org.eclipse.justj.openjdk.hotspot.jre.full.win32.x86_64_15.0.1.v20201027-0507\jre\bin\dt_socket.dll
0x00007ffe85880000 - 0x00007ffe858bb000 	C:\WINDOWS\SYSTEM32\IPHLPAPI.DLL
0x00007ffe858c0000 - 0x00007ffe8598c000 	C:\WINDOWS\SYSTEM32\DNSAPI.dll
0x00007ffe87680000 - 0x00007ffe87688000 	C:\WINDOWS\System32\NSI.dll
0x00007ffe79690000 - 0x00007ffe7969a000 	C:\Windows\System32\rasadhlp.dll
0x00007ffe7bb00000 - 0x00007ffe7bb7f000 	C:\WINDOWS\System32\fwpuclnt.dll
0x00007ffe864e0000 - 0x00007ffe86507000 	C:\WINDOWS\System32\bcrypt.dll
0x00007ffe83c20000 - 0x00007ffe83c30000 	G:\Jogos\eclipse\plugins\org.eclipse.justj.openjdk.hotspot.jre.full.win32.x86_64_15.0.1.v20201027-0507\jre\bin\verify.dll

dbghelp: loaded successfully - version: 4.0.5 - missing functions: none
symbol engine: initialized successfully - sym options: 0x614 - pdb path: .;G:\Jogos\eclipse\plugins\org.eclipse.justj.openjdk.hotspot.jre.full.win32.x86_64_15.0.1.v20201027-0507\jre\bin;C:\WINDOWS\SYSTEM32;C:\WINDOWS\WinSxS\amd64_microsoft.windows.common-controls_6595b64144ccf1df_6.0.19041.1110_none_60b5254171f9507e;G:\Jogos\eclipse\plugins\org.eclipse.justj.openjdk.hotspot.jre.full.win32.x86_64_15.0.1.v20201027-0507\jre\bin\server

VM Arguments:
jvm_args: -XX:+ShowCodeDetailsInExceptionMessages -agentlib:jdwp=transport=dt_socket,suspend=y,address=localhost:58552 -javaagent:G:\Jogos\eclipse\configuration\org.eclipse.osgi\405\0\.cp\lib\javaagent-shaded.jar -Dfile.encoding=Cp1252 --module-path=C:\Users\user\eclipse-workspace\TrabalhoPp\bin -Djdk.module.main=TrabalhoPp 
java_command: TrabalhoPp/Vestuario.Main
java_class_path (initial): <not set>
Launcher Type: SUN_STANDARD

[Global flags]
     intx CICompilerCount                          = 3                                         {product} {ergonomic}
     uint ConcGCThreads                            = 2                                         {product} {ergonomic}
     uint G1ConcRefinementThreads                  = 6                                         {product} {ergonomic}
   size_t G1HeapRegionSize                         = 2097152                                   {product} {ergonomic}
    uintx GCDrainStackTargetSize                   = 64                                        {product} {ergonomic}
   size_t InitialHeapSize                          = 268435456                                 {product} {ergonomic}
   size_t MarkStackSize                            = 4194304                                   {product} {ergonomic}
   size_t MaxHeapSize                              = 4278190080                                {product} {ergonomic}
   size_t MaxNewSize                               = 2566914048                                {product} {ergonomic}
   size_t MinHeapDeltaBytes                        = 2097152                                   {product} {ergonomic}
   size_t MinHeapSize                              = 8388608                                   {product} {ergonomic}
    uintx NonNMethodCodeHeapSize                   = 5832780                                {pd product} {ergonomic}
    uintx NonProfiledCodeHeapSize                  = 122912730                              {pd product} {ergonomic}
    uintx ProfiledCodeHeapSize                     = 122912730                              {pd product} {ergonomic}
    uintx ReservedCodeCacheSize                    = 251658240                              {pd product} {ergonomic}
     bool SegmentedCodeCache                       = true                                      {product} {ergonomic}
     bool ShowCodeDetailsInExceptionMessages       = true                                   {manageable} {command line}
   size_t SoftMaxHeapSize                          = 4278190080                             {manageable} {ergonomic}
     bool UseCompressedClassPointers               = true                                 {lp64_product} {ergonomic}
     bool UseCompressedOops                        = true                                 {lp64_product} {ergonomic}
     bool UseG1GC                                  = true                                      {product} {ergonomic}
     bool UseLargePagesIndividualAllocation        = false                                  {pd product} {ergonomic}

Logging:
Log output configuration:
 #0: stdout all=warning uptime,level,tags
 #1: stderr all=off uptime,level,tags

Environment Variables:
PATH=G:\Jogos\eclipse\plugins\org.eclipse.justj.openjdk.hotspot.jre.full.win32.x86_64_15.0.1.v20201027-0507\jre\bin;G:/Jogos/eclipse//plugins/org.eclipse.justj.openjdk.hotspot.jre.full.win32.x86_64_15.0.1.v20201027-0507/jre/bin/server;G:/Jogos/eclipse//plugins/org.eclipse.justj.openjdk.hotspot.jre.full.win32.x86_64_15.0.1.v20201027-0507/jre/bin;C:\Program Files (x86)\Common Files\Oracle\Java\javapath;C:\ProgramData\Oracle\Java\javapath;G:\facul\Pycharm 21.2\Scripts\;G:\facul\Pycharm 21.2\;C:\WINDOWS\system32;C:\WINDOWS;C:\WINDOWS\System32\Wbem;C:\WINDOWS\System32\WindowsPowerShell\v1.0\;C:\WINDOWS\System32\OpenSSH\;G:\facul\;C:\Users\user\AppData\Local\Microsoft\WindowsApps;C:\Users\user\AppData\Local\Programs\Microsoft VS Code\bin;C:\Users\user\AppData\Roaming\npm;G:\Jogos\eclipse;
USERNAME=Mois‚s
OS=Windows_NT
PROCESSOR_IDENTIFIER=Intel64 Family 6 Model 158 Stepping 10, GenuineIntel



---------------  S Y S T E M  ---------------

OS:
 Windows 10 , 64 bit Build 19041 (10.0.19041.1202)
OS uptime: 1 days 7:58 hours

CPU: total 6 (initial active 6) (6 cores per cpu, 1 threads per core) family 6 model 158 stepping 10 microcode 0xb4, cmov, cx8, fxsr, mmx, sse, sse2, sse3, ssse3, sse4.1, sse4.2, popcnt, vzeroupper, avx, avx2, aes, clmul, erms, 3dnowpref, lzcnt, tsc, tscinvbit, bmi1, bmi2, adx, fma, clflush, clflushopt

Memory: 4k page, system-wide physical 16319M (6127M free)
TotalPageFile size 27100M (AvailPageFile size 3479M)
current process WorkingSet (physical memory assigned to process): 50M, peak: 51M
current process commit charge ("private bytes"): 342M, peak: 344M

vm_info: OpenJDK 64-Bit Server VM (15.0.1+9-18) for windows-amd64 JRE (15.0.1+9-18), built on Sep 15 2020 14:39:31 by "mach5one" with unknown MS VC++:1925

END.
